<?xml version="1.0" encoding="UTF-8"?>
<!-- Generated by org.testng.reporters.JUnitReportReporter -->
<testsuite skipped="0" hostname="DESKTOP-T8SMU7R" name="com.check24.HomePageTest" tests="5" failures="0" timestamp="15 Jul 2020 20:37:23 GMT" time="70.777" errors="0">
  <testcase name="validateAmountFilterTest" time="11.417" classname="com.check24.HomePageTest"/>
  <testcase name="validateAmountAndDurationFilterTest" time="14.586" classname="com.check24.HomePageTest"/>
  <testcase name="validateAmountAndDurationFilterAndPurposeTest" time="17.745" classname="com.check24.HomePageTest"/>
  <testcase name="validateFilterTest" time="15.910" classname="com.check24.HomePageTest"/>
  <testcase name="validateProductsTest" time="11.119" classname="com.check24.HomePageTest"/>
</testsuite> <!-- com.check24.HomePageTest -->
